<?xml version="1.0" encoding="UTF-8"?>
<!-- Generated by org.testng.reporters.JUnitXMLReporter -->
<testsuite ignored="0" hostname="DESKTOP-JFFP7T2" failures="1" tests="1" name="Test-1" time="0.173" errors="0" timestamp="2023-03-06T16:49:51 MST">
  <testcase classname="rahulshettyacademy.TestDemo" name="titleCheck" time="0.137">
    <failure type="java.lang.RuntimeException" message="java.net.URISyntaxException: Illegal character in opaque part at index 6: https:\siron_AOveyK:1Wxze1uEcLRZrT4kQgxC@hub.browserstack.com\wd\hub">
      <![CDATA[java.lang.RuntimeException: java.net.URISyntaxException: Illegal character in opaque part at index 6: https:\siron_AOveyK:1Wxze1uEcLRZrT4kQgxC@hub.browserstack.com\wd\hub
at org.openqa.selenium.remote.http.ClientConfig.baseUrl(ClientConfig.java:81)
at org.openqa.selenium.remote.RemoteWebDriver.createExecutor(RemoteWebDriver.java:178)
at org.openqa.selenium.remote.RemoteWebDriver.<init>(RemoteWebDriver.java:139)
at rahulshettyacademy.TestDemo.titleCheck(TestDemo.java:22)
at java.base/java.util.ArrayList.forEach(ArrayList.java:1511)
at java.base/java.util.concurrent.FutureTask.run(FutureTask.java:264)
at java.base/java.util.concurrent.ThreadPoolExecutor.runWorker(ThreadPoolExecutor.java:1136)
at java.base/java.util.concurrent.ThreadPoolExecutor$Worker.run(ThreadPoolExecutor.java:635)
at java.base/java.lang.Thread.run(Thread.java:833)
Caused by: java.net.URISyntaxException: Illegal character in opaque part at index 6: https:\siron_AOveyK:1Wxze1uEcLRZrT4kQgxC@hub.browserstack.com\wd\hub
at java.base/java.net.URI$Parser.fail(URI.java:2974)
at java.base/java.net.URI$Parser.checkChars(URI.java:3145)
at java.base/java.net.URI$Parser.parse(URI.java:3181)
at java.base/java.net.URI.<init>(URI.java:623)
at java.base/java.net.URL.toURI(URL.java:1056)
at org.openqa.selenium.remote.http.ClientConfig.baseUrl(ClientConfig.java:79)
... 25 more
... Removed 17 stack frames]]>
    </failure>
  </testcase> <!-- titleCheck -->
</testsuite> <!-- Test-1 -->
