<?xml version="1.0" encoding="UTF-8"?>
<testng-results ignored="0" total="3" passed="0" failed="3" skipped="0">
  <reporter-output>
  </reporter-output>
  <suite started-at="2023-03-06T16:49:51 MST" name="Suite" finished-at="2023-03-06T16:49:51 MST" duration-ms="173">
    <groups>
    </groups>
    <test started-at="2023-03-06T16:49:51 MST" name="Test-1" finished-at="2023-03-06T16:49:51 MST" duration-ms="173">
      <class name="rahulshettyacademy.TestDemo">
        <test-method signature="titleCheck()[pri:0, instance:rahulshettyacademy.TestDemo@38eb2fb0]" started-at="2023-03-06T16:49:51 MST" name="titleCheck" finished-at="2023-03-06T16:49:51 MST" duration-ms="137" status="FAIL">
          <exception class="java.lang.RuntimeException">
            <message>
              <![CDATA[java.net.URISyntaxException: Illegal character in opaque part at index 6: https:\siron_AOveyK:1Wxze1uEcLRZrT4kQgxC@hub.browserstack.com\wd\hub]]>
            </message>
            <full-stacktrace>
              <![CDATA[java.lang.RuntimeException: java.net.URISyntaxException: Illegal character in opaque part at index 6: https:\siron_AOveyK:1Wxze1uEcLRZrT4kQgxC@hub.browserstack.com\wd\hub
at org.openqa.selenium.remote.http.ClientConfig.baseUrl(ClientConfig.java:81)
at org.openqa.selenium.remote.RemoteWebDriver.createExecutor(RemoteWebDriver.java:178)
at org.openqa.selenium.remote.RemoteWebDriver.<init>(RemoteWebDriver.java:139)
at rahulshettyacademy.TestDemo.titleCheck(TestDemo.java:22)
at java.base/jdk.internal.reflect.NativeMethodAccessorImpl.invoke0(Native Method)
at java.base/jdk.internal.reflect.NativeMethodAccessorImpl.invoke(NativeMethodAccessorImpl.java:77)
at java.base/jdk.internal.reflect.DelegatingMethodAccessorImpl.invoke(DelegatingMethodAccessorImpl.java:43)
at java.base/java.lang.reflect.Method.invoke(Method.java:568)
at org.testng.internal.invokers.MethodInvocationHelper.invokeMethod(MethodInvocationHelper.java:139)
at org.testng.internal.invokers.TestInvoker.invokeMethod(TestInvoker.java:677)
at org.testng.internal.invokers.TestInvoker.invokeTestMethod(TestInvoker.java:221)
at org.testng.internal.invokers.MethodRunner.runInSequence(MethodRunner.java:50)
at org.testng.internal.invokers.TestInvoker$MethodInvocationAgent.invoke(TestInvoker.java:969)
at org.testng.internal.invokers.TestInvoker.invokeTestMethods(TestInvoker.java:194)
at org.testng.internal.invokers.TestMethodWorker.invokeTestMethods(TestMethodWorker.java:148)
at org.testng.internal.invokers.TestMethodWorker.run(TestMethodWorker.java:128)
at java.base/java.util.ArrayList.forEach(ArrayList.java:1511)
at org.testng.TestRunner.privateRun(TestRunner.java:829)
at org.testng.TestRunner.run(TestRunner.java:602)
at org.testng.SuiteRunner.runTest(SuiteRunner.java:437)
at org.testng.SuiteRunner$SuiteWorker.run(SuiteRunner.java:475)
at org.testng.internal.thread.ThreadUtil.lambda$execute$0(ThreadUtil.java:58)
at java.base/java.util.concurrent.FutureTask.run(FutureTask.java:264)
at java.base/java.util.concurrent.ThreadPoolExecutor.runWorker(ThreadPoolExecutor.java:1136)
at java.base/java.util.concurrent.ThreadPoolExecutor$Worker.run(ThreadPoolExecutor.java:635)
at java.base/java.lang.Thread.run(Thread.java:833)
Caused by: java.net.URISyntaxException: Illegal character in opaque part at index 6: https:\siron_AOveyK:1Wxze1uEcLRZrT4kQgxC@hub.browserstack.com\wd\hub
at java.base/java.net.URI$Parser.fail(URI.java:2974)
at java.base/java.net.URI$Parser.checkChars(URI.java:3145)
at java.base/java.net.URI$Parser.parse(URI.java:3181)
at java.base/java.net.URI.<init>(URI.java:623)
at java.base/java.net.URL.toURI(URL.java:1056)
at org.openqa.selenium.remote.http.ClientConfig.baseUrl(ClientConfig.java:79)
... 25 more
]]>
            </full-stacktrace>
          </exception> <!-- java.lang.RuntimeException -->
          <reporter-output>
          </reporter-output>
        </test-method> <!-- titleCheck -->
      </class> <!-- rahulshettyacademy.TestDemo -->
    </test> <!-- Test-1 -->
    <test started-at="2023-03-06T16:49:51 MST" name="Test-2" finished-at="2023-03-06T16:49:51 MST" duration-ms="173">
      <class name="rahulshettyacademy.TestDemo">
        <test-method signature="titleCheck()[pri:0, instance:rahulshettyacademy.TestDemo@5bb7643d]" started-at="2023-03-06T16:49:51 MST" name="titleCheck" finished-at="2023-03-06T16:49:51 MST" duration-ms="137" status="FAIL">
          <exception class="java.lang.RuntimeException">
            <message>
              <![CDATA[java.net.URISyntaxException: Illegal character in opaque part at index 6: https:\siron_AOveyK:1Wxze1uEcLRZrT4kQgxC@hub.browserstack.com\wd\hub]]>
            </message>
            <full-stacktrace>
              <![CDATA[java.lang.RuntimeException: java.net.URISyntaxException: Illegal character in opaque part at index 6: https:\siron_AOveyK:1Wxze1uEcLRZrT4kQgxC@hub.browserstack.com\wd\hub
at org.openqa.selenium.remote.http.ClientConfig.baseUrl(ClientConfig.java:81)
at org.openqa.selenium.remote.RemoteWebDriver.createExecutor(RemoteWebDriver.java:178)
at org.openqa.selenium.remote.RemoteWebDriver.<init>(RemoteWebDriver.java:139)
at rahulshettyacademy.TestDemo.titleCheck(TestDemo.java:22)
at java.base/jdk.internal.reflect.NativeMethodAccessorImpl.invoke0(Native Method)
at java.base/jdk.internal.reflect.NativeMethodAccessorImpl.invoke(NativeMethodAccessorImpl.java:77)
at java.base/jdk.internal.reflect.DelegatingMethodAccessorImpl.invoke(DelegatingMethodAccessorImpl.java:43)
at java.base/java.lang.reflect.Method.invoke(Method.java:568)
at org.testng.internal.invokers.MethodInvocationHelper.invokeMethod(MethodInvocationHelper.java:139)
at org.testng.internal.invokers.TestInvoker.invokeMethod(TestInvoker.java:677)
at org.testng.internal.invokers.TestInvoker.invokeTestMethod(TestInvoker.java:221)
at org.testng.internal.invokers.MethodRunner.runInSequence(MethodRunner.java:50)
at org.testng.internal.invokers.TestInvoker$MethodInvocationAgent.invoke(TestInvoker.java:969)
at org.testng.internal.invokers.TestInvoker.invokeTestMethods(TestInvoker.java:194)
at org.testng.internal.invokers.TestMethodWorker.invokeTestMethods(TestMethodWorker.java:148)
at org.testng.internal.invokers.TestMethodWorker.run(TestMethodWorker.java:128)
at java.base/java.util.ArrayList.forEach(ArrayList.java:1511)
at org.testng.TestRunner.privateRun(TestRunner.java:829)
at org.testng.TestRunner.run(TestRunner.java:602)
at org.testng.SuiteRunner.runTest(SuiteRunner.java:437)
at org.testng.SuiteRunner$SuiteWorker.run(SuiteRunner.java:475)
at org.testng.internal.thread.ThreadUtil.lambda$execute$0(ThreadUtil.java:58)
at java.base/java.util.concurrent.FutureTask.run(FutureTask.java:264)
at java.base/java.util.concurrent.ThreadPoolExecutor.runWorker(ThreadPoolExecutor.java:1136)
at java.base/java.util.concurrent.ThreadPoolExecutor$Worker.run(ThreadPoolExecutor.java:635)
at java.base/java.lang.Thread.run(Thread.java:833)
Caused by: java.net.URISyntaxException: Illegal character in opaque part at index 6: https:\siron_AOveyK:1Wxze1uEcLRZrT4kQgxC@hub.browserstack.com\wd\hub
at java.base/java.net.URI$Parser.fail(URI.java:2974)
at java.base/java.net.URI$Parser.checkChars(URI.java:3145)
at java.base/java.net.URI$Parser.parse(URI.java:3181)
at java.base/java.net.URI.<init>(URI.java:623)
at java.base/java.net.URL.toURI(URL.java:1056)
at org.openqa.selenium.remote.http.ClientConfig.baseUrl(ClientConfig.java:79)
... 25 more
]]>
            </full-stacktrace>
          </exception> <!-- java.lang.RuntimeException -->
          <reporter-output>
          </reporter-output>
        </test-method> <!-- titleCheck -->
      </class> <!-- rahulshettyacademy.TestDemo -->
    </test> <!-- Test-2 -->
    <test started-at="2023-03-06T16:49:51 MST" name="Test-0" finished-at="2023-03-06T16:49:51 MST" duration-ms="173">
      <class name="rahulshettyacademy.TestDemo">
        <test-method signature="titleCheck()[pri:0, instance:rahulshettyacademy.TestDemo@49a71302]" started-at="2023-03-06T16:49:51 MST" name="titleCheck" finished-at="2023-03-06T16:49:51 MST" duration-ms="137" status="FAIL">
          <exception class="java.lang.RuntimeException">
            <message>
              <![CDATA[java.net.URISyntaxException: Illegal character in opaque part at index 6: https:\siron_AOveyK:1Wxze1uEcLRZrT4kQgxC@hub.browserstack.com\wd\hub]]>
            </message>
            <full-stacktrace>
              <![CDATA[java.lang.RuntimeException: java.net.URISyntaxException: Illegal character in opaque part at index 6: https:\siron_AOveyK:1Wxze1uEcLRZrT4kQgxC@hub.browserstack.com\wd\hub
at org.openqa.selenium.remote.http.ClientConfig.baseUrl(ClientConfig.java:81)
at org.openqa.selenium.remote.RemoteWebDriver.createExecutor(RemoteWebDriver.java:178)
at org.openqa.selenium.remote.RemoteWebDriver.<init>(RemoteWebDriver.java:139)
at rahulshettyacademy.TestDemo.titleCheck(TestDemo.java:22)
at java.base/jdk.internal.reflect.NativeMethodAccessorImpl.invoke0(Native Method)
at java.base/jdk.internal.reflect.NativeMethodAccessorImpl.invoke(NativeMethodAccessorImpl.java:77)
at java.base/jdk.internal.reflect.DelegatingMethodAccessorImpl.invoke(DelegatingMethodAccessorImpl.java:43)
at java.base/java.lang.reflect.Method.invoke(Method.java:568)
at org.testng.internal.invokers.MethodInvocationHelper.invokeMethod(MethodInvocationHelper.java:139)
at org.testng.internal.invokers.TestInvoker.invokeMethod(TestInvoker.java:677)
at org.testng.internal.invokers.TestInvoker.invokeTestMethod(TestInvoker.java:221)
at org.testng.internal.invokers.MethodRunner.runInSequence(MethodRunner.java:50)
at org.testng.internal.invokers.TestInvoker$MethodInvocationAgent.invoke(TestInvoker.java:969)
at org.testng.internal.invokers.TestInvoker.invokeTestMethods(TestInvoker.java:194)
at org.testng.internal.invokers.TestMethodWorker.invokeTestMethods(TestMethodWorker.java:148)
at org.testng.internal.invokers.TestMethodWorker.run(TestMethodWorker.java:128)
at java.base/java.util.ArrayList.forEach(ArrayList.java:1511)
at org.testng.TestRunner.privateRun(TestRunner.java:829)
at org.testng.TestRunner.run(TestRunner.java:602)
at org.testng.SuiteRunner.runTest(SuiteRunner.java:437)
at org.testng.SuiteRunner$SuiteWorker.run(SuiteRunner.java:475)
at org.testng.internal.thread.ThreadUtil.lambda$execute$0(ThreadUtil.java:58)
at java.base/java.util.concurrent.FutureTask.run(FutureTask.java:264)
at java.base/java.util.concurrent.ThreadPoolExecutor.runWorker(ThreadPoolExecutor.java:1136)
at java.base/java.util.concurrent.ThreadPoolExecutor$Worker.run(ThreadPoolExecutor.java:635)
at java.base/java.lang.Thread.run(Thread.java:833)
Caused by: java.net.URISyntaxException: Illegal character in opaque part at index 6: https:\siron_AOveyK:1Wxze1uEcLRZrT4kQgxC@hub.browserstack.com\wd\hub
at java.base/java.net.URI$Parser.fail(URI.java:2974)
at java.base/java.net.URI$Parser.checkChars(URI.java:3145)
at java.base/java.net.URI$Parser.parse(URI.java:3181)
at java.base/java.net.URI.<init>(URI.java:623)
at java.base/java.net.URL.toURI(URL.java:1056)
at org.openqa.selenium.remote.http.ClientConfig.baseUrl(ClientConfig.java:79)
... 25 more
]]>
            </full-stacktrace>
          </exception> <!-- java.lang.RuntimeException -->
          <reporter-output>
          </reporter-output>
        </test-method> <!-- titleCheck -->
      </class> <!-- rahulshettyacademy.TestDemo -->
    </test> <!-- Test-0 -->
  </suite> <!-- Suite -->
</testng-results>
